#
# There is insufficient memory for the Java Runtime Environment to continue.
# Native memory allocation (malloc) failed to allocate 1048576 bytes. Error detail: AllocateHeap
# Possible reasons:
#   The system is out of physical RAM or swap space
#   This process is running with CompressedOops enabled, and the Java Heap may be blocking the growth of the native heap
# Possible solutions:
#   Reduce memory load on the system
#   Increase physical memory or swap space
#   Check if swap backing store is full
#   Decrease Java heap size (-Xmx/-Xms)
#   Decrease number of Java threads
#   Decrease Java thread stack sizes (-Xss)
#   Set larger code cache with -XX:ReservedCodeCacheSize=
#   JVM is running with Unscaled Compressed Oops mode in which the Java heap is
#     placed in the first 4GB address space. The Java Heap base address is the
#     maximum limit for the native heap growth. Please use -XX:HeapBaseMinAddress
#     to set the Java Heap base and to place the Java Heap above 4GB virtual address.
# This output file may be truncated or incomplete.
#
#  Out of Memory Error (allocation.cpp:44), pid=7916, tid=22588
#
# JRE version: OpenJDK Runtime Environment Temurin-21.0.9+10 (21.0.9+10) (build 21.0.9+10-LTS)
# Java VM: OpenJDK 64-Bit Server VM Temurin-21.0.9+10 (21.0.9+10-LTS, mixed mode, sharing, tiered, compressed oops, compressed class ptrs, parallel gc, windows-amd64)
# No core dump will be written. Minidumps are not enabled by default on client versions of Windows
#

---------------  S U M M A R Y ------------

Command Line: --add-modules=ALL-SYSTEM --add-opens=java.base/java.util=ALL-UNNAMED --add-opens=java.base/java.lang=ALL-UNNAMED --add-opens=java.base/sun.nio.fs=ALL-UNNAMED -Declipse.application=org.eclipse.jdt.ls.core.id1 -Dosgi.bundles.defaultStartLevel=4 -Declipse.product=org.eclipse.jdt.ls.core.product -Djava.import.generatesMetadataFilesAtProjectRoot=false -DDetectVMInstallationsJob.disabled=true -Dfile.encoding=utf8 -XX:+UseParallelGC -XX:GCTimeRatio=4 -XX:AdaptiveSizePolicyWeight=90 -Dsun.zip.disableMemoryMapping=true -Xmx2G -Xms100m -Xlog:disable -javaagent:c:\Users\Dell\.vscode\extensions\redhat.java-1.52.0-win32-x64\lombok\lombok-1.18.39-4050.jar -XX:+HeapDumpOnOutOfMemoryError -XX:HeapDumpPath=c:\Users\Dell\AppData\Roaming\Code\User\workspaceStorage\b9b551d9854f97fdd9b759b4b20f2d76\redhat.java -Daether.dependencyCollector.impl=bf c:\Users\Dell\.vscode\extensions\redhat.java-1.52.0-win32-x64\server\plugins\org.eclipse.equinox.launcher_1.7.100.v20251111-0406.jar -configuration c:\Users\Dell\AppData\Roaming\Code\User\globalStorage\redhat.java\1.52.0\config_win -data c:\Users\Dell\AppData\Roaming\Code\User\workspaceStorage\b9b551d9854f97fdd9b759b4b20f2d76\redhat.java\jdt_ws --pipe=\\.\pipe\lsp-a85975732379d9ec71ba6ca04792e637-sock

Host: Intel(R) Core(TM) i5-10210U CPU @ 1.60GHz, 8 cores, 7G,  Windows 11 , 64 bit Build 22621 (10.0.22621.5415)
Time: Wed Feb  4 22:49:07 2026 SE Asia Standard Time elapsed time: 1688.359713 seconds (0d 0h 28m 8s)

---------------  T H R E A D  ---------------

Current thread (0x00000184f96c3450):  JavaThread "Attach Listener" daemon [_thread_in_vm, id=22588, stack(0x0000007eee600000,0x0000007eee700000) (1024K)]

Stack: [0x0000007eee600000,0x0000007eee700000]
Native frames: (J=compiled Java code, j=interpreted, Vv=VM code, C=native code)
V  [jvm.dll+0x6d6e29]
V  [jvm.dll+0x8b4b76]
V  [jvm.dll+0x8b712e]
V  [jvm.dll+0x8b7813]
V  [jvm.dll+0x283d86]
V  [jvm.dll+0xc1277]
V  [jvm.dll+0x6d76d9]
V  [jvm.dll+0x133466]
V  [jvm.dll+0x3f7ea6]
V  [jvm.dll+0x85e9ad]
V  [jvm.dll+0x6d565d]
C  [ucrtbase.dll+0x29333]
C  [KERNEL32.DLL+0x1259d]
C  [ntdll.dll+0x5af78]


---------------  P R O C E S S  ---------------

Threads class SMR info:
_java_thread_list=0x00000184d98d9400, length=51, elements={
0x00000184f974c330, 0x00000184f96beaa0, 0x00000184f96c02a0, 0x00000184f96c2540,
0x00000184f96c3450, 0x00000184f96c60c0, 0x00000184f96c6d10, 0x00000184f96c9c50,
0x00000184f96fa900, 0x00000184fec15510, 0x00000184fec304f0, 0x00000184ff3d7280,
0x00000184ff4b2450, 0x00000184feb07250, 0x00000184fec70eb0, 0x00000184fefaa400,
0x00000184fee10f10, 0x00000184d840a5e0, 0x00000184d8531bc0, 0x00000184d8580dd0,
0x00000184da5936c0, 0x00000184da5929a0, 0x00000184da5943e0, 0x00000184da592310,
0x00000184da594a70, 0x00000184da593d50, 0x00000184da595100, 0x00000184da5964b0,
0x00000184da595790, 0x00000184da595e20, 0x00000184da598c10, 0x00000184da599930,
0x00000184d93a87d0, 0x00000184d90a51d0, 0x00000184d90a3790, 0x00000184d90a4b40,
0x00000184d90a8650, 0x00000184d90aa090, 0x00000184d90a5ef0, 0x00000184d93a7420,
0x00000184d9972f90, 0x00000184d9973620, 0x00000184d9977130, 0x00000184d9973cb0,
0x00000184d99749d0, 0x00000184d9972900, 0x00000184d9972270, 0x00000184d9975060,
0x00000184d9971550, 0x00000184d9976410, 0x00000184d99d9540
}

Java Threads: ( => current thread )
  0x00000184f974c330 JavaThread "main"                              [_thread_blocked, id=18944, stack(0x0000007eedf00000,0x0000007eee000000) (1024K)]
  0x00000184f96beaa0 JavaThread "Reference Handler"          daemon [_thread_blocked, id=19156, stack(0x0000007eee300000,0x0000007eee400000) (1024K)]
  0x00000184f96c02a0 JavaThread "Finalizer"                  daemon [_thread_blocked, id=12284, stack(0x0000007eee400000,0x0000007eee500000) (1024K)]
  0x00000184f96c2540 JavaThread "Signal Dispatcher"          daemon [_thread_blocked, id=22892, stack(0x0000007eee500000,0x0000007eee600000) (1024K)]
=>0x00000184f96c3450 JavaThread "Attach Listener"            daemon [_thread_in_vm, id=22588, stack(0x0000007eee600000,0x0000007eee700000) (1024K)]
  0x00000184f96c60c0 JavaThread "Service Thread"             daemon [_thread_blocked, id=2872, stack(0x0000007eee700000,0x0000007eee800000) (1024K)]
  0x00000184f96c6d10 JavaThread "Monitor Deflation Thread"   daemon [_thread_blocked, id=10876, stack(0x0000007eee800000,0x0000007eee900000) (1024K)]
  0x00000184f96c9c50 JavaThread "C2 CompilerThread0"         daemon [_thread_blocked, id=21640, stack(0x0000007eee900000,0x0000007eeea00000) (1024K)]
  0x00000184f96fa900 JavaThread "C1 CompilerThread0"         daemon [_thread_blocked, id=17492, stack(0x0000007eeea00000,0x0000007eeeb00000) (1024K)]
  0x00000184fec15510 JavaThread "Common-Cleaner"             daemon [_thread_blocked, id=16692, stack(0x0000007eeeb00000,0x0000007eeec00000) (1024K)]
  0x00000184fec304f0 JavaThread "Notification Thread"        daemon [_thread_blocked, id=22972, stack(0x0000007eeec00000,0x0000007eeed00000) (1024K)]
  0x00000184ff3d7280 JavaThread "Active Thread: Equinox Container: 063f3e28-a8f7-436e-836c-a1053084247a"        [_thread_blocked, id=21472, stack(0x0000007eef300000,0x0000007eef400000) (1024K)]
  0x00000184ff4b2450 JavaThread "Refresh Thread: Equinox Container: 063f3e28-a8f7-436e-836c-a1053084247a" daemon [_thread_blocked, id=8164, stack(0x0000007eef500000,0x0000007eef600000) (1024K)]
  0x00000184feb07250 JavaThread "Framework Event Dispatcher: Equinox Container: 063f3e28-a8f7-436e-836c-a1053084247a" daemon [_thread_blocked, id=11024, stack(0x0000007eef600000,0x0000007eef700000) (1024K)]
  0x00000184fec70eb0 JavaThread "Start Level: Equinox Container: 063f3e28-a8f7-436e-836c-a1053084247a" daemon [_thread_blocked, id=9724, stack(0x0000007eef700000,0x0000007eef800000) (1024K)]
  0x00000184fefaa400 JavaThread "Bundle File Closer"         daemon [_thread_blocked, id=1752, stack(0x0000007eef900000,0x0000007eefa00000) (1024K)]
  0x00000184fee10f10 JavaThread "SCR Component Actor"        daemon [_thread_blocked, id=8672, stack(0x0000007eef800000,0x0000007eef900000) (1024K)]
  0x00000184d840a5e0 JavaThread "Worker-JM"                         [_thread_blocked, id=22800, stack(0x0000007eefb00000,0x0000007eefc00000) (1024K)]
  0x00000184d8531bc0 JavaThread "JNA Cleaner"                daemon [_thread_blocked, id=22620, stack(0x0000007eefc00000,0x0000007eefd00000) (1024K)]
  0x00000184d8580dd0 JavaThread "Java indexing"              daemon [_thread_blocked, id=6648, stack(0x0000007eeff00000,0x0000007ef0000000) (1024K)]
  0x00000184da5936c0 JavaThread "Thread-1"                   daemon [_thread_in_native, id=18184, stack(0x0000007ef0300000,0x0000007ef0400000) (1024K)]
  0x00000184da5929a0 JavaThread "Thread-2"                   daemon [_thread_in_native, id=22668, stack(0x0000007ef0400000,0x0000007ef0500000) (1024K)]
  0x00000184da5943e0 JavaThread "Thread-3"                   daemon [_thread_in_native, id=10916, stack(0x0000007ef0500000,0x0000007ef0600000) (1024K)]
  0x00000184da592310 JavaThread "Thread-4"                   daemon [_thread_in_native, id=22752, stack(0x0000007ef0600000,0x0000007ef0700000) (1024K)]
  0x00000184da594a70 JavaThread "Thread-5"                   daemon [_thread_in_native, id=5796, stack(0x0000007ef0700000,0x0000007ef0800000) (1024K)]
  0x00000184da593d50 JavaThread "Thread-6"                   daemon [_thread_in_native, id=10204, stack(0x0000007ef0800000,0x0000007ef0900000) (1024K)]
  0x00000184da595100 JavaThread "Thread-7"                   daemon [_thread_in_native, id=14604, stack(0x0000007ef0900000,0x0000007ef0a00000) (1024K)]
  0x00000184da5964b0 JavaThread "Thread-8"                   daemon [_thread_in_native, id=19556, stack(0x0000007ef0a00000,0x0000007ef0b00000) (1024K)]
  0x00000184da595790 JavaThread "Thread-9"                   daemon [_thread_in_native, id=20260, stack(0x0000007ef0b00000,0x0000007ef0c00000) (1024K)]
  0x00000184da595e20 JavaThread "pool-2-thread-1"                   [_thread_blocked, id=7032, stack(0x0000007ef0c00000,0x0000007ef0d00000) (1024K)]
  0x00000184da598c10 JavaThread "WorkspaceEventsHandler"            [_thread_blocked, id=19832, stack(0x0000007ef0d00000,0x0000007ef0e00000) (1024K)]
  0x00000184da599930 JavaThread "pool-1-thread-1"                   [_thread_blocked, id=11836, stack(0x0000007ef0e00000,0x0000007ef0f00000) (1024K)]
  0x00000184d93a87d0 JavaThread "Cleaner-0"                  daemon [_thread_blocked, id=14992, stack(0x0000007ef1700000,0x0000007ef1800000) (1024K)]
  0x00000184d90a51d0 JavaThread "ForkJoinPool.commonPool-worker-12" daemon [_thread_blocked, id=7856, stack(0x0000007ef0200000,0x0000007ef0300000) (1024K)]
  0x00000184d90a3790 JavaThread "ForkJoinPool.commonPool-worker-13" daemon [_thread_blocked, id=14432, stack(0x0000007ef0f00000,0x0000007ef1000000) (1024K)]
  0x00000184d90a4b40 JavaThread "ForkJoinPool.commonPool-worker-14" daemon [_thread_blocked, id=21360, stack(0x0000007eefe00000,0x0000007eeff00000) (1024K)]
  0x00000184d90a8650 JavaThread "ForkJoinPool.commonPool-worker-15" daemon [_thread_blocked, id=3912, stack(0x0000007ef0000000,0x0000007ef0100000) (1024K)]
  0x00000184d90aa090 JavaThread "ForkJoinPool.commonPool-worker-16" daemon [_thread_blocked, id=14368, stack(0x0000007ef0100000,0x0000007ef0200000) (1024K)]
  0x00000184d90a5ef0 JavaThread "ForkJoinPool.commonPool-worker-17" daemon [_thread_blocked, id=21272, stack(0x0000007ef1000000,0x0000007ef1100000) (1024K)]
  0x00000184d93a7420 JavaThread "Worker-15"                         [_thread_blocked, id=19744, stack(0x0000007ef1200000,0x0000007ef1300000) (1024K)]
  0x00000184d9972f90 JavaThread "Worker-17"                         [_thread_blocked, id=14808, stack(0x0000007eedc00000,0x0000007eedd00000) (1024K)]
  0x00000184d9973620 JavaThread "ForkJoinPool.commonPool-worker-19" daemon [_thread_blocked, id=18140, stack(0x0000007eede00000,0x0000007eedf00000) (1024K)]
  0x00000184d9977130 JavaThread "Worker-18"                         [_thread_blocked, id=20236, stack(0x0000007eedd00000,0x0000007eede00000) (1024K)]
  0x00000184d9973cb0 JavaThread "Worker-19"                         [_thread_blocked, id=23280, stack(0x0000007eefa00000,0x0000007eefb00000) (1024K)]
  0x00000184d99749d0 JavaThread "Worker-20"                         [_thread_blocked, id=14744, stack(0x0000007eefd00000,0x0000007eefe00000) (1024K)]
  0x00000184d9972900 JavaThread "Compiler Source File Reader" daemon [_thread_blocked, id=15296, stack(0x0000007ef1400000,0x0000007ef1500000) (1024K)]
  0x00000184d9972270 JavaThread "Compiler Processing Task"   daemon [_thread_blocked, id=6376, stack(0x0000007ef1500000,0x0000007ef1600000) (1024K)]
  0x00000184d9975060 JavaThread "Worker-21"                         [_thread_blocked, id=23004, stack(0x0000007ef1900000,0x0000007ef1a00000) (1024K)]
  0x00000184d9971550 JavaThread "Compiler Source File Reader" daemon [_thread_blocked, id=7988, stack(0x0000007ef1100000,0x0000007ef1200000) (1024K)]
  0x00000184d9976410 JavaThread "Keep-Alive-Timer"           daemon [_thread_blocked, id=22760, stack(0x0000007ef1300000,0x0000007ef1400000) (1024K)]
  0x00000184d99d9540 JavaThread "C2 CompilerThread1"         daemon [_thread_blocked, id=1840, stack(0x0000007ef1800000,0x0000007ef1900000) (1024K)]
Total: 51

Other Threads:
  0x00000184f980e2b0 VMThread "VM Thread"                           [id=11400, stack(0x0000007eee200000,0x0000007eee300000) (1024K)]
  0x00000184f97bb040 WatcherThread "VM Periodic Task Thread"        [id=9652, stack(0x0000007eee100000,0x0000007eee200000) (1024K)]
  0x00000184f976d4e0 WorkerThread "GC Thread#0"                     [id=14100, stack(0x0000007eee000000,0x0000007eee100000) (1024K)]
  0x00000184ff03a510 WorkerThread "GC Thread#1"                     [id=8000, stack(0x0000007eeed00000,0x0000007eeee00000) (1024K)]
  0x00000184ff03a8b0 WorkerThread "GC Thread#2"                     [id=23224, stack(0x0000007eeee00000,0x0000007eeef00000) (1024K)]
  0x00000184fef42220 WorkerThread "GC Thread#3"                     [id=13668, stack(0x0000007eeef00000,0x0000007eef000000) (1024K)]
  0x00000184fef425c0 WorkerThread "GC Thread#4"                     [id=23228, stack(0x0000007eef000000,0x0000007eef100000) (1024K)]
  0x00000184ff1dd250 WorkerThread "GC Thread#5"                     [id=2568, stack(0x0000007eef100000,0x0000007eef200000) (1024K)]
  0x00000184ff1dd5f0 WorkerThread "GC Thread#6"                     [id=23480, stack(0x0000007eef200000,0x0000007eef300000) (1024K)]
  0x00000184f96f5570 WorkerThread "GC Thread#7"                     [id=23432, stack(0x0000007eef400000,0x0000007eef500000) (1024K)]
Total: 10

Threads with active compile tasks:
Total: 0

VM state: not at safepoint (normal execution)

VM Mutex/Monitor currently owned by a thread: None

Heap address: 0x0000000080000000, size: 2048 MB, Compressed Oops mode: 32-bit

CDS archive(s) mapped at: [0x0000018493000000-0x0000018493ba0000-0x0000018493ba0000), size 12189696, SharedBaseAddress: 0x0000018493000000, ArchiveRelocationMode: 1.
Compressed class space mapped at: 0x0000018494000000-0x00000184d4000000, reserved size: 1073741824
Narrow klass base: 0x0000018493000000, Narrow klass shift: 0, Narrow klass range: 0x100000000

GC Precious Log:
 CardTable entry size: 512
 CPUs: 8 total, 8 available
 Memory: 8039M
 Large Page Support: Disabled
 NUMA Support: Disabled
 Compressed Oops: Enabled (32-bit)
 Alignments: Space 512K, Generation 512K, Heap 2M
 Heap Min Capacity: 100M
 Heap Initial Capacity: 100M
 Heap Max Capacity: 2G
 Pre-touch: Disabled
 Parallel Workers: 8

Heap:
 PSYoungGen      total 2560K, used 558K [0x00000000d5580000, 0x00000000d5b00000, 0x0000000100000000)
  eden space 2048K, 17% used [0x00000000d5580000,0x00000000d55dbbd0,0x00000000d5780000)
  from space 512K, 37% used [0x00000000d5a80000,0x00000000d5ab0000,0x00000000d5b00000)
  to   space 512K, 0% used [0x00000000d5a00000,0x00000000d5a00000,0x00000000d5a80000)
 ParOldGen       total 550912K, used 550767K [0x0000000080000000, 0x00000000a1a00000, 0x00000000d5580000)
  object space 550912K, 99% used [0x0000000080000000,0x00000000a19dbee0,0x00000000a1a00000)
 Metaspace       used 92996K, committed 94848K, reserved 1179648K
  class space    used 9531K, committed 10368K, reserved 1048576K

Card table byte_map: [0x00000184f90f0000,0x00000184f9500000] _byte_map_base: 0x00000184f8cf0000

Marking Bits: (ParMarkBitMap*) 0x00007fff625f2460
 Begin Bits: [0x000001848f000000, 0x0000018491000000)
 End Bits:   [0x0000018491000000, 0x0000018493000000)

Polling page: 0x00000184f7560000

Metaspace:

Usage:
  Non-class:     81.51 MB used.
      Class:      9.31 MB used.
       Both:     90.82 MB used.

Virtual space:
  Non-class space:      128.00 MB reserved,      82.50 MB ( 64%) committed,  2 nodes.
      Class space:        1.00 GB reserved,      10.12 MB ( <1%) committed,  1 nodes.
             Both:        1.12 GB reserved,      92.62 MB (  8%) committed. 

Chunk freelists:
   Non-Class:  13.30 MB
       Class:  5.75 MB
        Both:  19.05 MB

MaxMetaspaceSize: unlimited
CompressedClassSpaceSize: 1.00 GB
Initial GC threshold: 21.00 MB
Current GC threshold: 146.25 MB
CDS: on
 - commit_granule_bytes: 65536.
 - commit_granule_words: 8192.
 - virtual_space_node_default_size: 8388608.
 - enlarge_chunks_in_place: 1.
 - use_allocation_guard: 0.


Internal statistics:

num_allocs_failed_limit: 9.
num_arena_births: 1810.
num_arena_deaths: 34.
num_vsnodes_births: 3.
num_vsnodes_deaths: 0.
num_space_committed: 1482.
num_space_uncommitted: 0.
num_chunks_returned_to_freelist: 48.
num_chunks_taken_from_freelist: 6443.
num_chunk_merges: 12.
num_chunk_splits: 3837.
num_chunks_enlarged: 2018.
num_inconsistent_stats: 0.

CodeHeap 'non-profiled nmethods': size=120000Kb used=18695Kb max_used=18695Kb free=101304Kb
 bounds [0x0000018487ad0000, 0x0000018488d20000, 0x000001848f000000]
CodeHeap 'profiled nmethods': size=120000Kb used=45715Kb max_used=48027Kb free=74285Kb
 bounds [0x0000018480000000, 0x0000018482ef0000, 0x0000018487530000]
CodeHeap 'non-nmethods': size=5760Kb used=1541Kb max_used=1668Kb free=4219Kb
 bounds [0x0000018487530000, 0x00000184877a0000, 0x0000018487ad0000]
CodeCache: size=245760Kb, used=65951Kb, max_used=68390Kb, free=179808Kb
 total_blobs=19216, nmethods=18360, adapters=758, full_count=0
Compilation: enabled, stopped_count=0, restarted_count=0

Compilation events (20 events):
Event: 1688.343 Thread 0x00000184f96fa900 22595       3       org.jsoup.nodes.LeafNode::hasAttributes (8 bytes)
Event: 1688.343 Thread 0x00000184f96fa900 nmethod 22595 0x0000018481ed7510 code [0x0000018481ed76c0, 0x0000018481ed78c8]
Event: 1688.343 Thread 0x00000184f96fa900 22588       3       com.vladsch.flexmark.util.sequence.LineAppendableImpl::offsetAfterEol (93 bytes)
Event: 1688.344 Thread 0x00000184f96fa900 nmethod 22588 0x0000018481673a90 code [0x0000018481673d60, 0x0000018481674c18]
Event: 1688.344 Thread 0x00000184d99d9540 nmethod 22584 0x0000018488d0f090 code [0x0000018488d0f240, 0x0000018488d0f3c8]
Event: 1688.344 Thread 0x00000184f96fa900 22587       3       com.vladsch.flexmark.util.sequence.Range::getSpan (21 bytes)
Event: 1688.344 Thread 0x00000184d99d9540 22589       4       com.vladsch.flexmark.util.sequence.LineAppendableImpl::doEolOnFirstTest (20 bytes)
Event: 1688.344 Thread 0x00000184f96fa900 nmethod 22587 0x00000184802da510 code [0x00000184802da6c0, 0x00000184802da940]
Event: 1688.344 Thread 0x00000184f96fa900 22582       3       com.vladsch.flexmark.util.sequence.LineAppendableImpl::line (86 bytes)
Event: 1688.345 Thread 0x00000184d99d9540 nmethod 22589 0x0000018488d0f590 code [0x0000018488d0f720, 0x0000018488d0f7d0]
Event: 1688.345 Thread 0x00000184d99d9540 22593       4       com.vladsch.flexmark.util.sequence.LineAppendableImpl::any (10 bytes)
Event: 1688.345 Thread 0x00000184f96c9c50 nmethod 22534 0x0000018488d0f890 code [0x0000018488d0fb80, 0x0000018488d109d8]
Event: 1688.345 Thread 0x00000184f96fa900 nmethod 22582 0x00000184802d9a10 code [0x00000184802d9c20, 0x00000184802da2f0]
Event: 1688.346 Thread 0x00000184f96fa900 22564       3       com.vladsch.flexmark.util.sequence.BasedSequence$EmptyBasedSequence::subSequence (11 bytes)
Event: 1688.346 Thread 0x00000184f96fa900 nmethod 22564 0x0000018480d80e90 code [0x0000018480d81040, 0x0000018480d81200]
Event: 1688.346 Thread 0x00000184f96fa900 22583       3       org.jsoup.nodes.TextNode::getWholeText (5 bytes)
Event: 1688.346 Thread 0x00000184d99d9540 nmethod 22593 0x0000018488d11710 code [0x0000018488d118a0, 0x0000018488d11950]
Event: 1688.346 Thread 0x00000184f96fa900 nmethod 22583 0x0000018480d80810 code [0x0000018480d809c0, 0x0000018480d80d48]
Event: 1688.346 Thread 0x00000184f96fa900 22597       1       org.eclipse.jdt.launching.AbstractVMInstall::getInstallLocation (5 bytes)
Event: 1688.346 Thread 0x00000184f96fa900 nmethod 22597 0x0000018488d11a10 code [0x0000018488d11ba0, 0x0000018488d11c68]

GC Heap History (20 events):
Event: 1687.245 GC heap before
{Heap before GC invocations=1231 (full 5):
 PSYoungGen      total 2560K, used 2528K [0x00000000d5580000, 0x00000000d5b80000, 0x0000000100000000)
  eden space 2048K, 100% used [0x00000000d5580000,0x00000000d5780000,0x00000000d5780000)
  from space 512K, 93% used [0x00000000d5b00000,0x00000000d5b78000,0x00000000d5b80000)
  to   space 1536K, 0% used [0x00000000d5880000,0x00000000d5880000,0x00000000d5a00000)
 ParOldGen       total 548864K, used 548394K [0x0000000080000000, 0x00000000a1800000, 0x00000000d5580000)
  object space 548864K, 99% used [0x0000000080000000,0x00000000a178aa98,0x00000000a1800000)
 Metaspace       used 90435K, committed 92288K, reserved 1179648K
  class space    used 9206K, committed 10048K, reserved 1048576K
}
Event: 1687.247 GC heap after
{Heap after GC invocations=1231 (full 5):
 PSYoungGen      total 3584K, used 480K [0x00000000d5580000, 0x00000000d5b80000, 0x0000000100000000)
  eden space 2048K, 0% used [0x00000000d5580000,0x00000000d5580000,0x00000000d5780000)
  from space 1536K, 31% used [0x00000000d5880000,0x00000000d58f8000,0x00000000d5a00000)
  to   space 1024K, 0% used [0x00000000d5a80000,0x00000000d5a80000,0x00000000d5b80000)
 ParOldGen       total 548864K, used 548778K [0x0000000080000000, 0x00000000a1800000, 0x00000000d5580000)
  object space 548864K, 99% used [0x0000000080000000,0x00000000a17eaa98,0x00000000a1800000)
 Metaspace       used 90435K, committed 92288K, reserved 1179648K
  class space    used 9206K, committed 10048K, reserved 1048576K
}
Event: 1687.447 GC heap before
{Heap before GC invocations=1232 (full 5):
 PSYoungGen      total 3584K, used 2528K [0x00000000d5580000, 0x00000000d5b80000, 0x0000000100000000)
  eden space 2048K, 100% used [0x00000000d5580000,0x00000000d5780000,0x00000000d5780000)
  from space 1536K, 31% used [0x00000000d5880000,0x00000000d58f8000,0x00000000d5a00000)
  to   space 1024K, 0% used [0x00000000d5a80000,0x00000000d5a80000,0x00000000d5b80000)
 ParOldGen       total 548864K, used 548778K [0x0000000080000000, 0x00000000a1800000, 0x00000000d5580000)
  object space 548864K, 99% used [0x0000000080000000,0x00000000a17eaa98,0x00000000a1800000)
 Metaspace       used 90449K, committed 92288K, reserved 1179648K
  class space    used 9206K, committed 10048K, reserved 1048576K
}
Event: 1687.449 GC heap after
{Heap after GC invocations=1232 (full 5):
 PSYoungGen      total 2560K, used 448K [0x00000000d5580000, 0x00000000d5b00000, 0x0000000100000000)
  eden space 2048K, 0% used [0x00000000d5580000,0x00000000d5580000,0x00000000d5780000)
  from space 512K, 87% used [0x00000000d5a80000,0x00000000d5af0000,0x00000000d5b00000)
  to   space 512K, 0% used [0x00000000d5a00000,0x00000000d5a00000,0x00000000d5a80000)
 ParOldGen       total 549376K, used 549182K [0x0000000080000000, 0x00000000a1880000, 0x00000000d5580000)
  object space 549376K, 99% used [0x0000000080000000,0x00000000a184fac8,0x00000000a1880000)
 Metaspace       used 90449K, committed 92288K, reserved 1179648K
  class space    used 9206K, committed 10048K, reserved 1048576K
}
Event: 1688.006 GC heap before
{Heap before GC invocations=1233 (full 5):
 PSYoungGen      total 2560K, used 2495K [0x00000000d5580000, 0x00000000d5b00000, 0x0000000100000000)
  eden space 2048K, 99% used [0x00000000d5580000,0x00000000d577fcf8,0x00000000d5780000)
  from space 512K, 87% used [0x00000000d5a80000,0x00000000d5af0000,0x00000000d5b00000)
  to   space 512K, 0% used [0x00000000d5a00000,0x00000000d5a00000,0x00000000d5a80000)
 ParOldGen       total 549376K, used 549182K [0x0000000080000000, 0x00000000a1880000, 0x00000000d5580000)
  object space 549376K, 99% used [0x0000000080000000,0x00000000a184fac8,0x00000000a1880000)
 Metaspace       used 90642K, committed 92480K, reserved 1179648K
  class space    used 9223K, committed 10112K, reserved 1048576K
}
Event: 1688.007 GC heap after
{Heap after GC invocations=1233 (full 5):
 PSYoungGen      total 2560K, used 508K [0x00000000d5580000, 0x00000000d5b00000, 0x0000000100000000)
  eden space 2048K, 0% used [0x00000000d5580000,0x00000000d5580000,0x00000000d5780000)
  from space 512K, 99% used [0x00000000d5a00000,0x00000000d5a7f218,0x00000000d5a80000)
  to   space 512K, 0% used [0x00000000d5a80000,0x00000000d5a80000,0x00000000d5b00000)
 ParOldGen       total 549888K, used 549518K [0x0000000080000000, 0x00000000a1900000, 0x00000000d5580000)
  object space 549888K, 99% used [0x0000000080000000,0x00000000a18a3be8,0x00000000a1900000)
 Metaspace       used 90642K, committed 92480K, reserved 1179648K
  class space    used 9223K, committed 10112K, reserved 1048576K
}
Event: 1688.038 GC heap before
{Heap before GC invocations=1234 (full 5):
 PSYoungGen      total 2560K, used 2556K [0x00000000d5580000, 0x00000000d5b00000, 0x0000000100000000)
  eden space 2048K, 100% used [0x00000000d5580000,0x00000000d5780000,0x00000000d5780000)
  from space 512K, 99% used [0x00000000d5a00000,0x00000000d5a7f218,0x00000000d5a80000)
  to   space 512K, 0% used [0x00000000d5a80000,0x00000000d5a80000,0x00000000d5b00000)
 ParOldGen       total 549888K, used 549518K [0x0000000080000000, 0x00000000a1900000, 0x00000000d5580000)
  object space 549888K, 99% used [0x0000000080000000,0x00000000a18a3be8,0x00000000a1900000)
 Metaspace       used 90916K, committed 92736K, reserved 1179648K
  class space    used 9257K, committed 10112K, reserved 1048576K
}
Event: 1688.041 GC heap after
{Heap after GC invocations=1234 (full 5):
 PSYoungGen      total 2560K, used 351K [0x00000000d5580000, 0x00000000d5b00000, 0x0000000100000000)
  eden space 2048K, 0% used [0x00000000d5580000,0x00000000d5580000,0x00000000d5780000)
  from space 512K, 68% used [0x00000000d5a80000,0x00000000d5ad7c48,0x00000000d5b00000)
  to   space 1024K, 0% used [0x00000000d5900000,0x00000000d5900000,0x00000000d5a00000)
 ParOldGen       total 550400K, used 549963K [0x0000000080000000, 0x00000000a1980000, 0x00000000d5580000)
  object space 550400K, 99% used [0x0000000080000000,0x00000000a1912f28,0x00000000a1980000)
 Metaspace       used 90916K, committed 92736K, reserved 1179648K
  class space    used 9257K, committed 10112K, reserved 1048576K
}
Event: 1688.060 GC heap before
{Heap before GC invocations=1235 (full 5):
 PSYoungGen      total 2560K, used 2399K [0x00000000d5580000, 0x00000000d5b00000, 0x0000000100000000)
  eden space 2048K, 100% used [0x00000000d5580000,0x00000000d5780000,0x00000000d5780000)
  from space 512K, 68% used [0x00000000d5a80000,0x00000000d5ad7c48,0x00000000d5b00000)
  to   space 1024K, 0% used [0x00000000d5900000,0x00000000d5900000,0x00000000d5a00000)
 ParOldGen       total 550400K, used 549963K [0x0000000080000000, 0x00000000a1980000, 0x00000000d5580000)
  object space 550400K, 99% used [0x0000000080000000,0x00000000a1912f28,0x00000000a1980000)
 Metaspace       used 91149K, committed 92992K, reserved 1179648K
  class space    used 9305K, committed 10176K, reserved 1048576K
}
Event: 1688.062 GC heap after
{Heap after GC invocations=1235 (full 5):
 PSYoungGen      total 3072K, used 192K [0x00000000d5580000, 0x00000000d5b00000, 0x0000000100000000)
  eden space 2048K, 0% used [0x00000000d5580000,0x00000000d5580000,0x00000000d5780000)
  from space 1024K, 18% used [0x00000000d5900000,0x00000000d5930000,0x00000000d5a00000)
  to   space 512K, 0% used [0x00000000d5a80000,0x00000000d5a80000,0x00000000d5b00000)
 ParOldGen       total 550400K, used 550228K [0x0000000080000000, 0x00000000a1980000, 0x00000000d5580000)
  object space 550400K, 99% used [0x0000000080000000,0x00000000a1955090,0x00000000a1980000)
 Metaspace       used 91149K, committed 92992K, reserved 1179648K
  class space    used 9305K, committed 10176K, reserved 1048576K
}
Event: 1688.119 GC heap before
{Heap before GC invocations=1236 (full 5):
 PSYoungGen      total 3072K, used 2240K [0x00000000d5580000, 0x00000000d5b00000, 0x0000000100000000)
  eden space 2048K, 100% used [0x00000000d5580000,0x00000000d5780000,0x00000000d5780000)
  from space 1024K, 18% used [0x00000000d5900000,0x00000000d5930000,0x00000000d5a00000)
  to   space 512K, 0% used [0x00000000d5a80000,0x00000000d5a80000,0x00000000d5b00000)
 ParOldGen       total 550400K, used 550228K [0x0000000080000000, 0x00000000a1980000, 0x00000000d5580000)
  object space 550400K, 99% used [0x0000000080000000,0x00000000a1955090,0x00000000a1980000)
 Metaspace       used 91570K, committed 93376K, reserved 1179648K
  class space    used 9351K, committed 10176K, reserved 1048576K
}
Event: 1688.120 GC heap after
{Heap after GC invocations=1236 (full 5):
 PSYoungGen      total 2560K, used 256K [0x00000000d5580000, 0x00000000d5b00000, 0x0000000100000000)
  eden space 2048K, 0% used [0x00000000d5580000,0x00000000d5580000,0x00000000d5780000)
  from space 512K, 50% used [0x00000000d5a80000,0x00000000d5ac0000,0x00000000d5b00000)
  to   space 512K, 0% used [0x00000000d5a00000,0x00000000d5a00000,0x00000000d5a80000)
 ParOldGen       total 550400K, used 550284K [0x0000000080000000, 0x00000000a1980000, 0x00000000d5580000)
  object space 550400K, 99% used [0x0000000080000000,0x00000000a1963090,0x00000000a1980000)
 Metaspace       used 91570K, committed 93376K, reserved 1179648K
  class space    used 9351K, committed 10176K, reserved 1048576K
}
Event: 1688.179 GC heap before
{Heap before GC invocations=1237 (full 5):
 PSYoungGen      total 2560K, used 2304K [0x00000000d5580000, 0x00000000d5b00000, 0x0000000100000000)
  eden space 2048K, 100% used [0x00000000d5580000,0x00000000d5780000,0x00000000d5780000)
  from space 512K, 50% used [0x00000000d5a80000,0x00000000d5ac0000,0x00000000d5b00000)
  to   space 512K, 0% used [0x00000000d5a00000,0x00000000d5a00000,0x00000000d5a80000)
 ParOldGen       total 550400K, used 550284K [0x0000000080000000, 0x00000000a1980000, 0x00000000d5580000)
  object space 550400K, 99% used [0x0000000080000000,0x00000000a1963090,0x00000000a1980000)
 Metaspace       used 92215K, committed 94080K, reserved 1179648K
  class space    used 9415K, committed 10304K, reserved 1048576K
}
Event: 1688.181 GC heap after
{Heap after GC invocations=1237 (full 5):
 PSYoungGen      total 2560K, used 224K [0x00000000d5580000, 0x00000000d5b00000, 0x0000000100000000)
  eden space 2048K, 0% used [0x00000000d5580000,0x00000000d5580000,0x00000000d5780000)
  from space 512K, 43% used [0x00000000d5a00000,0x00000000d5a38000,0x00000000d5a80000)
  to   space 512K, 0% used [0x00000000d5a80000,0x00000000d5a80000,0x00000000d5b00000)
 ParOldGen       total 550912K, used 550476K [0x0000000080000000, 0x00000000a1a00000, 0x00000000d5580000)
  object space 550912K, 99% used [0x0000000080000000,0x00000000a1993090,0x00000000a1a00000)
 Metaspace       used 92215K, committed 94080K, reserved 1179648K
  class space    used 9415K, committed 10304K, reserved 1048576K
}
Event: 1688.238 GC heap before
{Heap before GC invocations=1238 (full 5):
 PSYoungGen      total 2560K, used 2272K [0x00000000d5580000, 0x00000000d5b00000, 0x0000000100000000)
  eden space 2048K, 100% used [0x00000000d5580000,0x00000000d5780000,0x00000000d5780000)
  from space 512K, 43% used [0x00000000d5a00000,0x00000000d5a38000,0x00000000d5a80000)
  to   space 512K, 0% used [0x00000000d5a80000,0x00000000d5a80000,0x00000000d5b00000)
 ParOldGen       total 550912K, used 550476K [0x0000000080000000, 0x00000000a1a00000, 0x00000000d5580000)
  object space 550912K, 99% used [0x0000000080000000,0x00000000a1993090,0x00000000a1a00000)
 Metaspace       used 92654K, committed 94528K, reserved 1179648K
  class space    used 9487K, committed 10368K, reserved 1048576K
}
Event: 1688.240 GC heap after
{Heap after GC invocations=1238 (full 5):
 PSYoungGen      total 2560K, used 283K [0x00000000d5580000, 0x00000000d5b00000, 0x0000000100000000)
  eden space 2048K, 0% used [0x00000000d5580000,0x00000000d5580000,0x00000000d5780000)
  from space 512K, 55% used [0x00000000d5a80000,0x00000000d5ac6e50,0x00000000d5b00000)
  to   space 512K, 0% used [0x00000000d5a00000,0x00000000d5a00000,0x00000000d5a80000)
 ParOldGen       total 550912K, used 550556K [0x0000000080000000, 0x00000000a1a00000, 0x00000000d5580000)
  object space 550912K, 99% used [0x0000000080000000,0x00000000a19a7090,0x00000000a1a00000)
 Metaspace       used 92654K, committed 94528K, reserved 1179648K
  class space    used 9487K, committed 10368K, reserved 1048576K
}
Event: 1688.300 GC heap before
{Heap before GC invocations=1239 (full 5):
 PSYoungGen      total 2560K, used 2331K [0x00000000d5580000, 0x00000000d5b00000, 0x0000000100000000)
  eden space 2048K, 100% used [0x00000000d5580000,0x00000000d5780000,0x00000000d5780000)
  from space 512K, 55% used [0x00000000d5a80000,0x00000000d5ac6e50,0x00000000d5b00000)
  to   space 512K, 0% used [0x00000000d5a00000,0x00000000d5a00000,0x00000000d5a80000)
 ParOldGen       total 550912K, used 550556K [0x0000000080000000, 0x00000000a1a00000, 0x00000000d5580000)
  object space 550912K, 99% used [0x0000000080000000,0x00000000a19a7090,0x00000000a1a00000)
 Metaspace       used 92920K, committed 94720K, reserved 1179648K
  class space    used 9530K, committed 10368K, reserved 1048576K
}
Event: 1688.302 GC heap after
{Heap after GC invocations=1239 (full 5):
 PSYoungGen      total 2560K, used 256K [0x00000000d5580000, 0x00000000d5b00000, 0x0000000100000000)
  eden space 2048K, 0% used [0x00000000d5580000,0x00000000d5580000,0x00000000d5780000)
  from space 512K, 50% used [0x00000000d5a00000,0x00000000d5a40000,0x00000000d5a80000)
  to   space 512K, 0% used [0x00000000d5a80000,0x00000000d5a80000,0x00000000d5b00000)
 ParOldGen       total 550912K, used 550695K [0x0000000080000000, 0x00000000a1a00000, 0x00000000d5580000)
  object space 550912K, 99% used [0x0000000080000000,0x00000000a19c9ee0,0x00000000a1a00000)
 Metaspace       used 92920K, committed 94720K, reserved 1179648K
  class space    used 9530K, committed 10368K, reserved 1048576K
}
Event: 1688.327 GC heap before
{Heap before GC invocations=1240 (full 5):
 PSYoungGen      total 2560K, used 2304K [0x00000000d5580000, 0x00000000d5b00000, 0x0000000100000000)
  eden space 2048K, 100% used [0x00000000d5580000,0x00000000d5780000,0x00000000d5780000)
  from space 512K, 50% used [0x00000000d5a00000,0x00000000d5a40000,0x00000000d5a80000)
  to   space 512K, 0% used [0x00000000d5a80000,0x00000000d5a80000,0x00000000d5b00000)
 ParOldGen       total 550912K, used 550695K [0x0000000080000000, 0x00000000a1a00000, 0x00000000d5580000)
  object space 550912K, 99% used [0x0000000080000000,0x00000000a19c9ee0,0x00000000a1a00000)
 Metaspace       used 92981K, committed 94784K, reserved 1179648K
  class space    used 9530K, committed 10368K, reserved 1048576K
}
Event: 1688.329 GC heap after
{Heap after GC invocations=1240 (full 5):
 PSYoungGen      total 2560K, used 192K [0x00000000d5580000, 0x00000000d5b00000, 0x0000000100000000)
  eden space 2048K, 0% used [0x00000000d5580000,0x00000000d5580000,0x00000000d5780000)
  from space 512K, 37% used [0x00000000d5a80000,0x00000000d5ab0000,0x00000000d5b00000)
  to   space 512K, 0% used [0x00000000d5a00000,0x00000000d5a00000,0x00000000d5a80000)
 ParOldGen       total 550912K, used 550767K [0x0000000080000000, 0x00000000a1a00000, 0x00000000d5580000)
  object space 550912K, 99% used [0x0000000080000000,0x00000000a19dbee0,0x00000000a1a00000)
 Metaspace       used 92981K, committed 94784K, reserved 1179648K
  class space    used 9530K, committed 10368K, reserved 1048576K
}

Dll operation events (12 events):
Event: 0.015 Loaded shared library c:\Users\Dell\.vscode\extensions\redhat.java-1.52.0-win32-x64\jre\21.0.9-win32-x86_64\bin\java.dll
Event: 0.129 Loaded shared library c:\Users\Dell\.vscode\extensions\redhat.java-1.52.0-win32-x64\jre\21.0.9-win32-x86_64\bin\zip.dll
Event: 0.167 Loaded shared library C:\Users\Dell\.vscode\extensions\redhat.java-1.52.0-win32-x64\jre\21.0.9-win32-x86_64\bin\instrument.dll
Event: 0.222 Loaded shared library C:\Users\Dell\.vscode\extensions\redhat.java-1.52.0-win32-x64\jre\21.0.9-win32-x86_64\bin\net.dll
Event: 0.301 Loaded shared library C:\Users\Dell\.vscode\extensions\redhat.java-1.52.0-win32-x64\jre\21.0.9-win32-x86_64\bin\nio.dll
Event: 0.307 Loaded shared library C:\Users\Dell\.vscode\extensions\redhat.java-1.52.0-win32-x64\jre\21.0.9-win32-x86_64\bin\zip.dll
Event: 0.346 Loaded shared library C:\Users\Dell\.vscode\extensions\redhat.java-1.52.0-win32-x64\jre\21.0.9-win32-x86_64\bin\jimage.dll
Event: 0.573 Loaded shared library c:\Users\Dell\.vscode\extensions\redhat.java-1.52.0-win32-x64\jre\21.0.9-win32-x86_64\bin\verify.dll
Event: 12.732 Loaded shared library C:\Users\Dell\AppData\Roaming\Code\User\globalStorage\redhat.java\1.52.0\config_win\org.eclipse.equinox.launcher\org.eclipse.equinox.launcher.win32.win32.x86_64_1.2.1500.v20260121-1430\eclipse_11919.dll
Event: 29.499 Loaded shared library C:\Users\Dell\AppData\Local\Temp\jna-2126305\jna12438264842866790877.dll
Event: 31.835 Loaded shared library C:\Users\Dell\.vscode\extensions\redhat.java-1.52.0-win32-x64\jre\21.0.9-win32-x86_64\bin\sunmscapi.dll
Event: 32.884 Loaded shared library C:\Users\Dell\.vscode\extensions\redhat.java-1.52.0-win32-x64\jre\21.0.9-win32-x86_64\bin\extnet.dll

Deoptimization events (20 events):
Event: 1688.205 Thread 0x00000184d90aa090 Uncommon trap: trap_request=0xffffffde fr.pc=0x0000018487f9bc6c relative=0x000000000000078c
Event: 1688.205 Thread 0x00000184d90aa090 Uncommon trap: reason=class_check action=maybe_recompile pc=0x0000018487f9bc6c method=java.lang.AbstractStringBuilder.append(Ljava/lang/CharSequence;II)Ljava/lang/AbstractStringBuilder; @ 10 c2
Event: 1688.205 Thread 0x00000184d90aa090 DEOPT PACKING pc=0x0000018487f9bc6c sp=0x0000007ef01fe000
Event: 1688.205 Thread 0x00000184d90aa090 DEOPT UNPACKING pc=0x0000018487583aa2 sp=0x0000007ef01fdfc8 mode 2
Event: 1688.207 Thread 0x00000184d90aa090 Uncommon trap: trap_request=0xffffffde fr.pc=0x0000018487f9bc6c relative=0x000000000000078c
Event: 1688.207 Thread 0x00000184d90aa090 Uncommon trap: reason=class_check action=maybe_recompile pc=0x0000018487f9bc6c method=java.lang.AbstractStringBuilder.append(Ljava/lang/CharSequence;II)Ljava/lang/AbstractStringBuilder; @ 10 c2
Event: 1688.207 Thread 0x00000184d90aa090 DEOPT PACKING pc=0x0000018487f9bc6c sp=0x0000007ef01fd700
Event: 1688.207 Thread 0x00000184d90aa090 DEOPT UNPACKING pc=0x0000018487583aa2 sp=0x0000007ef01fd6c8 mode 2
Event: 1688.207 Thread 0x00000184d90aa090 Uncommon trap: trap_request=0xffffffde fr.pc=0x0000018487f9bc6c relative=0x000000000000078c
Event: 1688.207 Thread 0x00000184d90aa090 Uncommon trap: reason=class_check action=maybe_recompile pc=0x0000018487f9bc6c method=java.lang.AbstractStringBuilder.append(Ljava/lang/CharSequence;II)Ljava/lang/AbstractStringBuilder; @ 10 c2
Event: 1688.207 Thread 0x00000184d90aa090 DEOPT PACKING pc=0x0000018487f9bc6c sp=0x0000007ef01fd700
Event: 1688.207 Thread 0x00000184d90aa090 DEOPT UNPACKING pc=0x0000018487583aa2 sp=0x0000007ef01fd6c8 mode 2
Event: 1688.208 Thread 0x00000184d90aa090 Uncommon trap: trap_request=0xffffffde fr.pc=0x0000018487f9bc6c relative=0x000000000000078c
Event: 1688.208 Thread 0x00000184d90aa090 Uncommon trap: reason=class_check action=maybe_recompile pc=0x0000018487f9bc6c method=java.lang.AbstractStringBuilder.append(Ljava/lang/CharSequence;II)Ljava/lang/AbstractStringBuilder; @ 10 c2
Event: 1688.208 Thread 0x00000184d90aa090 DEOPT PACKING pc=0x0000018487f9bc6c sp=0x0000007ef01fdfb0
Event: 1688.208 Thread 0x00000184d90aa090 DEOPT UNPACKING pc=0x0000018487583aa2 sp=0x0000007ef01fdf78 mode 2
Event: 1688.336 Thread 0x00000184d90aa090 Uncommon trap: trap_request=0xffffff45 fr.pc=0x0000018488d0bf14 relative=0x00000000000010f4
Event: 1688.336 Thread 0x00000184d90aa090 Uncommon trap: reason=unstable_if action=reinterpret pc=0x0000018488d0bf14 method=com.vladsch.flexmark.util.sequence.LineAppendableImpl.appendImpl(Ljava/lang/CharSequence;I)V @ 332 c2
Event: 1688.336 Thread 0x00000184d90aa090 DEOPT PACKING pc=0x0000018488d0bf14 sp=0x0000007ef01fdda0
Event: 1688.336 Thread 0x00000184d90aa090 DEOPT UNPACKING pc=0x0000018487583aa2 sp=0x0000007ef01fdd80 mode 2

Classes loaded (20 events):
Event: 1538.955 Loading class java/io/ObjectOutputStream$BlockDataOutputStream
Event: 1538.956 Loading class java/io/ObjectOutputStream$BlockDataOutputStream done
Event: 1538.956 Loading class java/io/ObjectOutputStream$HandleTable
Event: 1538.956 Loading class java/io/ObjectOutputStream$HandleTable done
Event: 1538.956 Loading class java/io/ObjectOutputStream$ReplaceTable
Event: 1538.956 Loading class java/io/ObjectOutputStream$ReplaceTable done
Event: 1618.905 Loading class java/lang/StringLatin1$CharsSpliterator
Event: 1618.906 Loading class java/lang/StringLatin1$CharsSpliterator done
Event: 1621.408 Loading class jdk/internal/module/IllegalAccessLogger
Event: 1621.408 Loading class jdk/internal/module/IllegalAccessLogger done
Event: 1646.556 Loading class jdk/internal/module/IllegalAccessLogger
Event: 1646.556 Loading class jdk/internal/module/IllegalAccessLogger done
Event: 1662.527 Loading class java/time/format/FormatStyle
Event: 1662.527 Loading class java/time/format/FormatStyle done
Event: 1662.531 Loading class java/util/Locale$FilteringMode
Event: 1662.532 Loading class java/util/Locale$FilteringMode done
Event: 1662.532 Loading class java/util/Locale$IsoCountryCode
Event: 1662.532 Loading class java/util/Locale$IsoCountryCode done
Event: 1662.534 Loading class java/time/chrono/Era
Event: 1662.535 Loading class java/time/chrono/Era done

Classes unloaded (17 events):
Event: 30.255 Thread 0x00000184f980e2b0 Unloading class 0x00000184941ad400 'java/lang/invoke/LambdaForm$MH+0x00000184941ad400'
Event: 30.255 Thread 0x00000184f980e2b0 Unloading class 0x00000184941ad000 'java/lang/invoke/LambdaForm$MH+0x00000184941ad000'
Event: 30.255 Thread 0x00000184f980e2b0 Unloading class 0x00000184941acc00 'java/lang/invoke/LambdaForm$MH+0x00000184941acc00'
Event: 30.255 Thread 0x00000184f980e2b0 Unloading class 0x00000184941ac800 'java/lang/invoke/LambdaForm$MH+0x00000184941ac800'
Event: 30.255 Thread 0x00000184f980e2b0 Unloading class 0x00000184941ac400 'java/lang/invoke/LambdaForm$BMH+0x00000184941ac400'
Event: 30.255 Thread 0x00000184f980e2b0 Unloading class 0x00000184941ac000 'java/lang/invoke/LambdaForm$DMH+0x00000184941ac000'
Event: 30.255 Thread 0x00000184f980e2b0 Unloading class 0x00000184941aac00 'java/lang/invoke/LambdaForm$DMH+0x00000184941aac00'
Event: 1099.119 Thread 0x00000184f980e2b0 Unloading class 0x00000184947fc400 'java/lang/invoke/LambdaForm$DMH+0x00000184947fc400'
Event: 1099.119 Thread 0x00000184f980e2b0 Unloading class 0x00000184947f5800 'java/lang/invoke/LambdaForm$MH+0x00000184947f5800'
Event: 1099.119 Thread 0x00000184f980e2b0 Unloading class 0x00000184947f5000 'java/lang/invoke/LambdaForm$MH+0x00000184947f5000'
Event: 1099.119 Thread 0x00000184f980e2b0 Unloading class 0x00000184947f4800 'java/lang/invoke/LambdaForm$MH+0x00000184947f4800'
Event: 1099.119 Thread 0x00000184f980e2b0 Unloading class 0x00000184947f4000 'java/lang/invoke/LambdaForm$MH+0x00000184947f4000'
Event: 1099.119 Thread 0x00000184f980e2b0 Unloading class 0x00000184947ecc00 'java/lang/invoke/LambdaForm$MH+0x00000184947ecc00'
Event: 1099.119 Thread 0x00000184f980e2b0 Unloading class 0x00000184947ec400 'java/lang/invoke/LambdaForm$MH+0x00000184947ec400'
Event: 1099.119 Thread 0x00000184f980e2b0 Unloading class 0x00000184947e6c00 'java/lang/invoke/LambdaForm$MH+0x00000184947e6c00'
Event: 1099.119 Thread 0x00000184f980e2b0 Unloading class 0x00000184947e6400 'java/lang/invoke/LambdaForm$DMH+0x00000184947e6400'
Event: 1099.119 Thread 0x00000184f980e2b0 Unloading class 0x00000184947d4400 'java/lang/invoke/LambdaForm$DMH+0x00000184947d4400'

Classes redefined (0 events):
No events

Internal exceptions (20 events):
Event: 1375.831 Thread 0x00000184d8580dd0 Exception <a 'sun/nio/fs/WindowsException'{0x00000000d558a180}> (0x00000000d558a180) 
thrown [s\src\hotspot\share\prims\jni.cpp, line 520]
Event: 1376.336 Thread 0x00000184d8580dd0 Exception <a 'sun/nio/fs/WindowsException'{0x00000000d5766c90}> (0x00000000d5766c90) 
thrown [s\src\hotspot\share\prims\jni.cpp, line 520]
Event: 1538.944 Thread 0x00000184d93a7420 Exception <a 'sun/nio/fs/WindowsException'{0x00000000d55cca88}> (0x00000000d55cca88) 
thrown [s\src\hotspot\share\prims\jni.cpp, line 520]
Event: 1538.944 Thread 0x00000184d93a7420 Exception <a 'sun/nio/fs/WindowsException'{0x00000000d55cd588}> (0x00000000d55cd588) 
thrown [s\src\hotspot\share\prims\jni.cpp, line 520]
Event: 1538.945 Thread 0x00000184d93a7420 Implicit null exception at 0x0000018487fca409 to 0x0000018487fca6bc
Event: 1538.981 Thread 0x00000184d93a7420 Exception <a 'java/lang/NoSuchMethodError'{0x00000000d565e400}: static [J.<clinit>()V> (0x00000000d565e400) 
thrown [s\src\hotspot\share\prims\jni.cpp, line 1111]
Event: 1538.991 Thread 0x00000184d93a7420 Exception <a 'java/lang/NoSuchMethodError'{0x00000000d568e318}: 'java.lang.Object java.lang.invoke.DirectMethodHandle$Holder.newInvokeSpecial(java.lang.Object, java.lang.Object, java.lang.Object, java.lang.Object, java.lang.Object, java.lang.Object, java.lang.Object, java.lang.Object)'> (0x00000000d568e318) 
thrown [s\src\hotspot\share\interpreter\linkResolver.cpp, line 773]
Event: 1621.281 Thread 0x00000184d8580dd0 Exception <a 'sun/nio/fs/WindowsException'{0x00000000d5580750}> (0x00000000d5580750) 
thrown [s\src\hotspot\share\prims\jni.cpp, line 520]
Event: 1621.554 Thread 0x00000184d8580dd0 Exception <a 'sun/nio/fs/WindowsException'{0x00000000d572bef0}> (0x00000000d572bef0) 
thrown [s\src\hotspot\share\prims\jni.cpp, line 520]
Event: 1646.439 Thread 0x00000184d8580dd0 Exception <a 'sun/nio/fs/WindowsException'{0x00000000d57d0d30}> (0x00000000d57d0d30) 
thrown [s\src\hotspot\share\prims\jni.cpp, line 520]
Event: 1646.738 Thread 0x00000184d8580dd0 Exception <a 'sun/nio/fs/WindowsException'{0x00000000d5872250}> (0x00000000d5872250) 
thrown [s\src\hotspot\share\prims\jni.cpp, line 520]
Event: 1688.204 Thread 0x00000184d90aa090 Exception <a 'java/lang/NoSuchMethodError'{0x00000000d56812e0}: 'int java.lang.invoke.DirectMethodHandle$Holder.invokeSpecialIFC(java.lang.Object, java.lang.Object, int)'> (0x00000000d56812e0) 
thrown [s\src\hotspot\share\interpreter\linkResolver.cpp, line 773]
Event: 1688.341 Thread 0x00000184d90aa090 Exception <a 'sun/nio/fs/WindowsException'{0x00000000d55c3640}> (0x00000000d55c3640) 
thrown [s\src\hotspot\share\prims\jni.cpp, line 520]
Event: 1688.341 Thread 0x00000184d90aa090 Exception <a 'sun/nio/fs/WindowsException'{0x00000000d55c3e78}> (0x00000000d55c3e78) 
thrown [s\src\hotspot\share\prims\jni.cpp, line 520]
Event: 1688.343 Thread 0x00000184d90aa090 Exception <a 'sun/nio/fs/WindowsException'{0x00000000d55d4c50}> (0x00000000d55d4c50) 
thrown [s\src\hotspot\share\prims\jni.cpp, line 520]
Event: 1688.344 Thread 0x00000184d90aa090 Exception <a 'sun/nio/fs/WindowsException'{0x00000000d55d5178}> (0x00000000d55d5178) 
thrown [s\src\hotspot\share\prims\jni.cpp, line 520]
Event: 1688.346 Thread 0x00000184d90aa090 Exception <a 'sun/nio/fs/WindowsException'{0x00000000d55d5e48}> (0x00000000d55d5e48) 
thrown [s\src\hotspot\share\prims\jni.cpp, line 520]
Event: 1688.346 Thread 0x00000184d90aa090 Exception <a 'sun/nio/fs/WindowsException'{0x00000000d55d6370}> (0x00000000d55d6370) 
thrown [s\src\hotspot\share\prims\jni.cpp, line 520]
Event: 1688.346 Thread 0x00000184d90aa090 Exception <a 'sun/nio/fs/WindowsException'{0x00000000d55d7348}> (0x00000000d55d7348) 
thrown [s\src\hotspot\share\prims\jni.cpp, line 520]
Event: 1688.347 Thread 0x00000184d90aa090 Exception <a 'sun/nio/fs/WindowsException'{0x00000000d55d7b80}> (0x00000000d55d7b80) 
thrown [s\src\hotspot\share\prims\jni.cpp, line 520]

ZGC Phase Switch (0 events):
No events

VM Operations (20 events):
Event: 1688.006 Executing VM operation: ParallelGCFailedAllocation (Allocation Failure)
Event: 1688.007 Executing VM operation: ParallelGCFailedAllocation (Allocation Failure) done
Event: 1688.038 Executing VM operation: ParallelGCFailedAllocation (Allocation Failure)
Event: 1688.041 Executing VM operation: ParallelGCFailedAllocation (Allocation Failure) done
Event: 1688.060 Executing VM operation: ParallelGCFailedAllocation (Allocation Failure)
Event: 1688.062 Executing VM operation: ParallelGCFailedAllocation (Allocation Failure) done
Event: 1688.071 Executing VM operation: HandshakeAllThreads (Deoptimize)
Event: 1688.071 Executing VM operation: HandshakeAllThreads (Deoptimize) done
Event: 1688.119 Executing VM operation: ParallelGCFailedAllocation (Allocation Failure)
Event: 1688.120 Executing VM operation: ParallelGCFailedAllocation (Allocation Failure) done
Event: 1688.179 Executing VM operation: ParallelGCFailedAllocation (Allocation Failure)
Event: 1688.181 Executing VM operation: ParallelGCFailedAllocation (Allocation Failure) done
Event: 1688.223 Executing VM operation: HandshakeAllThreads (Deoptimize)
Event: 1688.223 Executing VM operation: HandshakeAllThreads (Deoptimize) done
Event: 1688.238 Executing VM operation: ParallelGCFailedAllocation (Allocation Failure)
Event: 1688.240 Executing VM operation: ParallelGCFailedAllocation (Allocation Failure) done
Event: 1688.300 Executing VM operation: ParallelGCFailedAllocation (Allocation Failure)
Event: 1688.302 Executing VM operation: ParallelGCFailedAllocation (Allocation Failure) done
Event: 1688.326 Executing VM operation: ParallelGCFailedAllocation (Allocation Failure)
Event: 1688.329 Executing VM operation: ParallelGCFailedAllocation (Allocation Failure) done

Memory protections (0 events):
No events

Nmethod flushes (20 events):
Event: 1357.829 Thread 0x00000184f980e2b0 flushing  nmethod 0x0000018482169b10
Event: 1357.829 Thread 0x00000184f980e2b0 flushing  nmethod 0x000001848216b190
Event: 1357.829 Thread 0x00000184f980e2b0 flushing  nmethod 0x000001848216da10
Event: 1357.829 Thread 0x00000184f980e2b0 flushing  nmethod 0x00000184821a1c90
Event: 1357.829 Thread 0x00000184f980e2b0 flushing  nmethod 0x00000184821a3090
Event: 1357.829 Thread 0x00000184f980e2b0 flushing  nmethod 0x000001848225a410
Event: 1357.829 Thread 0x00000184f980e2b0 flushing  nmethod 0x000001848225af10
Event: 1357.829 Thread 0x00000184f980e2b0 flushing  nmethod 0x000001848225b810
Event: 1357.829 Thread 0x00000184f980e2b0 flushing  nmethod 0x000001848225cd90
Event: 1357.829 Thread 0x00000184f980e2b0 flushing  nmethod 0x000001848225da90
Event: 1357.829 Thread 0x00000184f980e2b0 flushing  nmethod 0x000001848225df90
Event: 1357.829 Thread 0x00000184f980e2b0 flushing  nmethod 0x000001848225e390
Event: 1357.829 Thread 0x00000184f980e2b0 flushing  nmethod 0x000001848225ef90
Event: 1357.829 Thread 0x00000184f980e2b0 flushing  nmethod 0x0000018482261a10
Event: 1357.829 Thread 0x00000184f980e2b0 flushing  nmethod 0x00000184822c1610
Event: 1357.829 Thread 0x00000184f980e2b0 flushing  nmethod 0x00000184822c2410
Event: 1357.829 Thread 0x00000184f980e2b0 flushing  nmethod 0x00000184822c5c90
Event: 1357.829 Thread 0x00000184f980e2b0 flushing  nmethod 0x00000184822c6110
Event: 1357.829 Thread 0x00000184f980e2b0 flushing  nmethod 0x00000184822c7010
Event: 1357.829 Thread 0x00000184f980e2b0 flushing  nmethod 0x00000184822d6210

Events (20 events):
Event: 1631.924 Thread 0x00000184da5971d0 Thread exited: 0x00000184da5971d0
Event: 1644.884 Thread 0x00000184f96fa900 Thread added: 0x00000184d99dedd0
Event: 1645.056 Thread 0x00000184d99dedd0 Thread exited: 0x00000184d99dedd0
Event: 1646.530 Thread 0x00000184d99749d0 Thread added: 0x00000184d9971550
Event: 1657.665 Thread 0x00000184d93a2560 Thread exited: 0x00000184d93a2560
Event: 1661.257 Thread 0x00000184f96fa900 Thread added: 0x00000184d99dedd0
Event: 1661.459 Thread 0x00000184d99dedd0 Thread exited: 0x00000184d99dedd0
Event: 1662.378 Thread 0x00000184f96fa900 Thread added: 0x00000184d99dedd0
Event: 1662.382 Thread 0x00000184f96fa900 Thread added: 0x00000184d99d9540
Event: 1667.796 Thread 0x00000184d99d9540 Thread exited: 0x00000184d99d9540
Event: 1672.769 Thread 0x00000184d99dedd0 Thread exited: 0x00000184d99dedd0
Event: 1672.880 Thread 0x00000184f96c9c50 Thread added: 0x00000184d99dedd0
Event: 1676.297 Thread 0x00000184da593030 Thread exited: 0x00000184da593030
Event: 1677.970 Thread 0x00000184d99dedd0 Thread exited: 0x00000184d99dedd0
Event: 1684.956 Thread 0x00000184f96fa900 Thread added: 0x00000184d99d9540
Event: 1687.428 Thread 0x00000184d99d9540 Thread exited: 0x00000184d99d9540
Event: 1687.452 Thread 0x00000184d90aa090 Thread added: 0x00000184d9976410
Event: 1687.452 Thread 0x00000184d9976410 Thread exited: 0x00000184d9976410
Event: 1687.979 Thread 0x00000184d90aa090 Thread added: 0x00000184d9976410
Event: 1688.213 Thread 0x00000184f96fa900 Thread added: 0x00000184d99d9540


Dynamic libraries:
0x00007ff792550000 - 0x00007ff79255e000 	c:\Users\Dell\.vscode\extensions\redhat.java-1.52.0-win32-x64\jre\21.0.9-win32-x86_64\bin\java.exe
0x00007fffddef0000 - 0x00007fffde108000 	C:\WINDOWS\SYSTEM32\ntdll.dll
0x00007fffdca30000 - 0x00007fffdcaf4000 	C:\WINDOWS\System32\KERNEL32.DLL
0x00007fffdb670000 - 0x00007fffdba43000 	C:\WINDOWS\System32\KERNELBASE.dll
0x00007fffdb520000 - 0x00007fffdb631000 	C:\WINDOWS\System32\ucrtbase.dll
0x00007fffd7c20000 - 0x00007fffd7c3e000 	c:\Users\Dell\.vscode\extensions\redhat.java-1.52.0-win32-x64\jre\21.0.9-win32-x86_64\bin\VCRUNTIME140.dll
0x00007fffd5f20000 - 0x00007fffd5f38000 	c:\Users\Dell\.vscode\extensions\redhat.java-1.52.0-win32-x64\jre\21.0.9-win32-x86_64\bin\jli.dll
0x00007fffc0520000 - 0x00007fffc07bc000 	C:\WINDOWS\WinSxS\amd64_microsoft.windows.common-controls_6595b64144ccf1df_6.0.22621.6060_none_2712eda17382d24b\COMCTL32.dll
0x00007fffdbc40000 - 0x00007fffdbdf2000 	C:\WINDOWS\System32\USER32.dll
0x00007fffdb640000 - 0x00007fffdb666000 	C:\WINDOWS\System32\win32u.dll
0x00007fffdcb50000 - 0x00007fffdcbf7000 	C:\WINDOWS\System32\msvcrt.dll
0x00007fffdc670000 - 0x00007fffdc699000 	C:\WINDOWS\System32\GDI32.dll
0x00007fffdb000000 - 0x00007fffdb11b000 	C:\WINDOWS\System32\gdi32full.dll
0x00007fffdb210000 - 0x00007fffdb2aa000 	C:\WINDOWS\System32\msvcp_win.dll
0x00007fffdcb00000 - 0x00007fffdcb31000 	C:\WINDOWS\System32\IMM32.DLL
0x00007fffd5f10000 - 0x00007fffd5f1c000 	c:\Users\Dell\.vscode\extensions\redhat.java-1.52.0-win32-x64\jre\21.0.9-win32-x86_64\bin\vcruntime140_1.dll
0x00007fffb0700000 - 0x00007fffb078d000 	c:\Users\Dell\.vscode\extensions\redhat.java-1.52.0-win32-x64\jre\21.0.9-win32-x86_64\bin\msvcp140.dll
0x00007fff61930000 - 0x00007fff626d0000 	c:\Users\Dell\.vscode\extensions\redhat.java-1.52.0-win32-x64\jre\21.0.9-win32-x86_64\bin\server\jvm.dll
0x00007fffdc8c0000 - 0x00007fffdc971000 	C:\WINDOWS\System32\ADVAPI32.dll
0x00007fffdbb90000 - 0x00007fffdbc38000 	C:\WINDOWS\System32\sechost.dll
0x00007fffdb1e0000 - 0x00007fffdb208000 	C:\WINDOWS\System32\bcrypt.dll
0x00007fffdd480000 - 0x00007fffdd598000 	C:\WINDOWS\System32\RPCRT4.dll
0x00007fffdc9b0000 - 0x00007fffdca21000 	C:\WINDOWS\System32\WS2_32.dll
0x00007fffd9e20000 - 0x00007fffd9e6d000 	C:\WINDOWS\SYSTEM32\POWRPROF.dll
0x00007fffd1f60000 - 0x00007fffd1f94000 	C:\WINDOWS\SYSTEM32\WINMM.dll
0x00007fffcb3d0000 - 0x00007fffcb3da000 	C:\WINDOWS\SYSTEM32\VERSION.dll
0x00007fffd9df0000 - 0x00007fffd9e03000 	C:\WINDOWS\SYSTEM32\UMPDC.dll
0x00007fffda090000 - 0x00007fffda0a8000 	C:\WINDOWS\SYSTEM32\kernel.appcore.dll
0x00007fffd5e60000 - 0x00007fffd5e6a000 	c:\Users\Dell\.vscode\extensions\redhat.java-1.52.0-win32-x64\jre\21.0.9-win32-x86_64\bin\jimage.dll
0x00007fffd86d0000 - 0x00007fffd8903000 	C:\WINDOWS\SYSTEM32\DBGHELP.DLL
0x00007fffdcf80000 - 0x00007fffdd311000 	C:\WINDOWS\System32\combase.dll
0x00007fffdd320000 - 0x00007fffdd3f8000 	C:\WINDOWS\System32\OLEAUT32.dll
0x00007fffafef0000 - 0x00007fffaff22000 	C:\WINDOWS\SYSTEM32\dbgcore.DLL
0x00007fffdb4a0000 - 0x00007fffdb51b000 	C:\WINDOWS\System32\bcryptPrimitives.dll
0x00007fffd5e50000 - 0x00007fffd5e5f000 	c:\Users\Dell\.vscode\extensions\redhat.java-1.52.0-win32-x64\jre\21.0.9-win32-x86_64\bin\instrument.dll
0x00007fffd4a00000 - 0x00007fffd4a20000 	c:\Users\Dell\.vscode\extensions\redhat.java-1.52.0-win32-x64\jre\21.0.9-win32-x86_64\bin\java.dll
0x00007fffdd610000 - 0x00007fffddeac000 	C:\WINDOWS\System32\SHELL32.dll
0x00007fffdba50000 - 0x00007fffdbb8f000 	C:\WINDOWS\System32\wintypes.dll
0x00007fffd8ec0000 - 0x00007fffd97da000 	C:\WINDOWS\SYSTEM32\windows.storage.dll
0x00007fffdc0e0000 - 0x00007fffdc1e4000 	C:\WINDOWS\System32\SHCORE.dll
0x00007fffdd5a0000 - 0x00007fffdd609000 	C:\WINDOWS\System32\shlwapi.dll
0x00007fffdaf30000 - 0x00007fffdaf55000 	C:\WINDOWS\SYSTEM32\profapi.dll
0x00007fffd17c0000 - 0x00007fffd17d8000 	c:\Users\Dell\.vscode\extensions\redhat.java-1.52.0-win32-x64\jre\21.0.9-win32-x86_64\bin\zip.dll
0x00007fffd49f0000 - 0x00007fffd4a00000 	C:\Users\Dell\.vscode\extensions\redhat.java-1.52.0-win32-x64\jre\21.0.9-win32-x86_64\bin\net.dll
0x00007fffd15a0000 - 0x00007fffd16cc000 	C:\WINDOWS\SYSTEM32\WINHTTP.dll
0x00007fffda590000 - 0x00007fffda5f9000 	C:\WINDOWS\system32\mswsock.dll
0x00007fffc5f50000 - 0x00007fffc5f66000 	C:\Users\Dell\.vscode\extensions\redhat.java-1.52.0-win32-x64\jre\21.0.9-win32-x86_64\bin\nio.dll
0x00007fffd3840000 - 0x00007fffd3850000 	c:\Users\Dell\.vscode\extensions\redhat.java-1.52.0-win32-x64\jre\21.0.9-win32-x86_64\bin\verify.dll
0x00007fffae390000 - 0x00007fffae3d5000 	C:\Users\Dell\AppData\Roaming\Code\User\globalStorage\redhat.java\1.52.0\config_win\org.eclipse.equinox.launcher\org.eclipse.equinox.launcher.win32.win32.x86_64_1.2.1500.v20260121-1430\eclipse_11919.dll
0x00007fffdcc00000 - 0x00007fffdcda1000 	C:\WINDOWS\System32\ole32.dll
0x00007fffda800000 - 0x00007fffda81b000 	C:\WINDOWS\SYSTEM32\CRYPTSP.dll
0x00007fffd9ff0000 - 0x00007fffda027000 	C:\WINDOWS\system32\rsaenh.dll
0x00007fffda6a0000 - 0x00007fffda6c8000 	C:\WINDOWS\SYSTEM32\USERENV.dll
0x00007fffda820000 - 0x00007fffda82c000 	C:\WINDOWS\SYSTEM32\CRYPTBASE.dll
0x00007fffd9ab0000 - 0x00007fffd9add000 	C:\WINDOWS\SYSTEM32\IPHLPAPI.DLL
0x00007fffdcb40000 - 0x00007fffdcb49000 	C:\WINDOWS\System32\NSI.dll
0x00007fff901a0000 - 0x00007fff901e9000 	C:\Users\Dell\AppData\Local\Temp\jna-2126305\jna12438264842866790877.dll
0x00007fffdbe60000 - 0x00007fffdbe68000 	C:\WINDOWS\System32\PSAPI.DLL
0x00007fffd19f0000 - 0x00007fffd1a09000 	C:\WINDOWS\SYSTEM32\dhcpcsvc6.DLL
0x00007fffd0be0000 - 0x00007fffd0bff000 	C:\WINDOWS\SYSTEM32\dhcpcsvc.DLL
0x00007fffc7130000 - 0x00007fffc713e000 	C:\Users\Dell\.vscode\extensions\redhat.java-1.52.0-win32-x64\jre\21.0.9-win32-x86_64\bin\sunmscapi.dll
0x00007fffdb2b0000 - 0x00007fffdb418000 	C:\WINDOWS\System32\CRYPT32.dll
0x00007fffda9a0000 - 0x00007fffda9ce000 	C:\WINDOWS\SYSTEM32\ncrypt.dll
0x00007fffda960000 - 0x00007fffda997000 	C:\WINDOWS\SYSTEM32\NTASN1.dll
0x00007fffd9b20000 - 0x00007fffd9c18000 	C:\WINDOWS\SYSTEM32\DNSAPI.dll
0x00007fffcb3f0000 - 0x00007fffcb3fa000 	C:\Windows\System32\rasadhlp.dll
0x00007fffcc270000 - 0x00007fffcc2f4000 	C:\WINDOWS\System32\fwpuclnt.dll
0x00007fffc33a0000 - 0x00007fffc33a9000 	C:\Users\Dell\.vscode\extensions\redhat.java-1.52.0-win32-x64\jre\21.0.9-win32-x86_64\bin\extnet.dll

JVMTI agents:
c:\Users\Dell\.vscode\extensions\redhat.java-1.52.0-win32-x64\lombok\lombok-1.18.39-4050.jar path:c:\Users\Dell\.vscode\extensions\redhat.java-1.52.0-win32-x64\jre\21.0.9-win32-x86_64\bin\instrument.dll, loaded, initialized, instrumentlib options:none

dbghelp: loaded successfully - version: 4.0.5 - missing functions: none
symbol engine: initialized successfully - sym options: 0x614 - pdb path: .;c:\Users\Dell\.vscode\extensions\redhat.java-1.52.0-win32-x64\jre\21.0.9-win32-x86_64\bin;C:\WINDOWS\SYSTEM32;C:\WINDOWS\WinSxS\amd64_microsoft.windows.common-controls_6595b64144ccf1df_6.0.22621.6060_none_2712eda17382d24b;c:\Users\Dell\.vscode\extensions\redhat.java-1.52.0-win32-x64\jre\21.0.9-win32-x86_64\bin\server;C:\Users\Dell\AppData\Roaming\Code\User\globalStorage\redhat.java\1.52.0\config_win\org.eclipse.equinox.launcher\org.eclipse.equinox.launcher.win32.win32.x86_64_1.2.1500.v20260121-1430;C:\Users\Dell\AppData\Local\Temp\jna-2126305

VM Arguments:
jvm_args: --add-modules=ALL-SYSTEM --add-opens=java.base/java.util=ALL-UNNAMED --add-opens=java.base/java.lang=ALL-UNNAMED --add-opens=java.base/sun.nio.fs=ALL-UNNAMED -Declipse.application=org.eclipse.jdt.ls.core.id1 -Dosgi.bundles.defaultStartLevel=4 -Declipse.product=org.eclipse.jdt.ls.core.product -Djava.import.generatesMetadataFilesAtProjectRoot=false -DDetectVMInstallationsJob.disabled=true -Dfile.encoding=utf8 -XX:+UseParallelGC -XX:GCTimeRatio=4 -XX:AdaptiveSizePolicyWeight=90 -Dsun.zip.disableMemoryMapping=true -Xmx2G -Xms100m -Xlog:disable -javaagent:c:\Users\Dell\.vscode\extensions\redhat.java-1.52.0-win32-x64\lombok\lombok-1.18.39-4050.jar -XX:+HeapDumpOnOutOfMemoryError -XX:HeapDumpPath=c:\Users\Dell\AppData\Roaming\Code\User\workspaceStorage\b9b551d9854f97fdd9b759b4b20f2d76\redhat.java -Daether.dependencyCollector.impl=bf 
java_command: c:\Users\Dell\.vscode\extensions\redhat.java-1.52.0-win32-x64\server\plugins\org.eclipse.equinox.launcher_1.7.100.v20251111-0406.jar -configuration c:\Users\Dell\AppData\Roaming\Code\User\globalStorage\redhat.java\1.52.0\config_win -data c:\Users\Dell\AppData\Roaming\Code\User\workspaceStorage\b9b551d9854f97fdd9b759b4b20f2d76\redhat.java\jdt_ws --pipe=\\.\pipe\lsp-a85975732379d9ec71ba6ca04792e637-sock
java_class_path (initial): c:\Users\Dell\.vscode\extensions\redhat.java-1.52.0-win32-x64\server\plugins\org.eclipse.equinox.launcher_1.7.100.v20251111-0406.jar
Launcher Type: SUN_STANDARD

[Global flags]
    uintx AdaptiveSizePolicyWeight                 = 90                                        {product} {command line}
     intx CICompilerCount                          = 4                                         {product} {ergonomic}
    uintx GCTimeRatio                              = 4                                         {product} {command line}
     bool HeapDumpOnOutOfMemoryError               = true                                   {manageable} {command line}
    ccstr HeapDumpPath                             = c:\Users\Dell\AppData\Roaming\Code\User\workspaceStorage\b9b551d9854f97fdd9b759b4b20f2d76\redhat.java         {manageable} {command line}
   size_t InitialHeapSize                          = 104857600                                 {product} {command line}
   size_t MaxHeapSize                              = 2147483648                                {product} {command line}
   size_t MaxNewSize                               = 715653120                                 {product} {ergonomic}
   size_t MinHeapDeltaBytes                        = 524288                                    {product} {ergonomic}
   size_t MinHeapSize                              = 104857600                                 {product} {command line}
   size_t NewSize                                  = 34603008                                  {product} {ergonomic}
    uintx NonNMethodCodeHeapSize                   = 5839372                                {pd product} {ergonomic}
    uintx NonProfiledCodeHeapSize                  = 122909434                              {pd product} {ergonomic}
   size_t OldSize                                  = 70254592                                  {product} {ergonomic}
    uintx ProfiledCodeHeapSize                     = 122909434                              {pd product} {ergonomic}
    uintx ReservedCodeCacheSize                    = 251658240                              {pd product} {ergonomic}
     bool SegmentedCodeCache                       = true                                      {product} {ergonomic}
   size_t SoftMaxHeapSize                          = 2147483648                             {manageable} {ergonomic}
     bool UseCompressedOops                        = true                           {product lp64_product} {ergonomic}
     bool UseLargePagesIndividualAllocation        = false                                  {pd product} {ergonomic}
     bool UseParallelGC                            = true                                      {product} {command line}

Logging:
Log output configuration:
 #0: stdout all=off uptime,level,tags foldmultilines=false
 #1: stderr all=off uptime,level,tags foldmultilines=false

Release file:
JAVA_VERSION="21.0.9" 
MODULES="java.base java.compiler java.datatransfer java.xml java.prefs java.desktop java.instrument java.logging java.management java.security.sasl java.naming java.rmi java.management.rmi java.net.http java.scripting java.security.jgss java.transaction.xa java.sql java.sql.rowset java.xml.crypto java.se java.smartcardio jdk.accessibility jdk.internal.jvmstat jdk.attach jdk.charsets jdk.internal.opt jdk.zipfs jdk.compiler jdk.crypto.ec jdk.crypto.cryptoki jdk.crypto.mscapi jdk.dynalink jdk.internal.ed jdk.editpad jdk.hotspot.agent jdk.httpserver jdk.internal.le jdk.internal.vm.ci jdk.internal.vm.compiler jdk.internal.vm.compiler.management jdk.jartool jdk.javadoc jdk.jcmd jdk.management jdk.management.agent jdk.jconsole jdk.jdeps jdk.jdwp.agent jdk.jdi jdk.jfr jdk.jshell jdk.jsobject jdk.jstatd jdk.localedata jdk.management.jfr jdk.naming.dns jdk.naming.rmi jdk.net jdk.nio.mapmode jdk.random jdk.sctp jdk.security.auth jdk.security.jgss jdk.unsupported jdk.unsupported.desktop jdk.xml.dom" 

Environment Variables:
PATH=E:\python\Scripts\;E:\python\;E:\laptrinhjava\bin;E:\laptrinhmang\bin;C:\Program Files (x86)\VMware\VMware Workstation\bin\;C:\WINDOWS\system32;C:\WINDOWS;C:\WINDOWS\System32\Wbem;C:\WINDOWS\System32\WindowsPowerShell\v1.0\;C:\WINDOWS\System32\OpenSSH\;C:\Program Files\dotnet\;C:\Program Files (x86)\Windows Kits\10\Windows Performance Toolkit\;C:\Program Files\Git\cmd;E:\laptrinhweb\;E:\docker\resources\bin;C:\Users\Dell\AppData\Local\Programs\Python\Python314\Scripts\;C:\Users\Dell\AppData\Local\Programs\Python\Python314\;C:\Users\Dell\AppData\Local\Programs\Python\Python313\Scripts\;C:\Users\Dell\AppData\Local\Programs\Python\Python313\;C:\Users\Dell\AppData\Local\Microsoft\WindowsApps;C:\Users\Dell\AppData\Local\Programs\Microsoft VS Code\bin;C:\Program Files (x86)\Nmap;C:\Users\Dell\.dotnet\tools;E:\Local Disk (E)\laptinhmang\bin;C:\Users\Dell\AppData\Roaming\npm
USERNAME=Dell
OS=Windows_NT
PROCESSOR_IDENTIFIER=Intel64 Family 6 Model 142 Stepping 12, GenuineIntel
TMP=C:\Users\Dell\AppData\Local\Temp
TEMP=C:\Users\Dell\AppData\Local\Temp




Periodic native trim disabled

---------------  S Y S T E M  ---------------

OS:
 Windows 11 , 64 bit Build 22621 (10.0.22621.5415)
OS uptime: 0 days 0:58 hours
Hyper-V role detected

CPU: total 8 (initial active 8) (4 cores per cpu, 2 threads per core) family 6 model 142 stepping 12 microcode 0xf8, cx8, cmov, fxsr, ht, mmx, 3dnowpref, sse, sse2, sse3, ssse3, sse4.1, sse4.2, popcnt, lzcnt, tsc, tscinvbit, avx, avx2, aes, erms, clmul, bmi1, bmi2, adx, fma, vzeroupper, clflush, clflushopt, hv, rdtscp, f16c
Processor Information for the first 8 processors :
  Max Mhz: 2112, Current Mhz: 1609, Mhz Limit: 1605

Memory: 4k page, system-wide physical 8039M (593M free)
TotalPageFile size 17161M (AvailPageFile size 0M)
current process WorkingSet (physical memory assigned to process): 623M, peak: 937M
current process commit charge ("private bytes"): 925M, peak: 1028M

vm_info: OpenJDK 64-Bit Server VM (21.0.9+10-LTS) for windows-amd64 JRE (21.0.9+10-LTS), built on 2025-10-21T00:00:00Z by "admin" with unknown MS VC++:1942

END.
